<?xml version="1.0" encoding="UTF-8"?>
<!-- Generated by org.testng.reporters.JUnitXMLReporter -->
<testsuite ignored="0" hostname="SHEKHAR" failures="0" tests="1" name="Test" time="0.041" errors="0" timestamp="2023-06-08T14:24:49 IST">
  <testcase classname="grid.Prac" name="@BeforeMethod setUp" time="-1.686214489007E9">
    <failure type="org.testng.TestNGException" message="
Parameter &amp;apos;Port&amp;apos; is required by BeforeMethod on method setUp but has not been marked @Optional or defined
in C:\Users\DELL\eclipse-workspace\Axis_316\testngPrac.xml">
      <![CDATA[org.testng.TestNGException: 
Parameter 'Port' is required by BeforeMethod on method setUp but has not been marked @Optional or defined
in C:\Users\DELL\eclipse-workspace\Axis_316\testngPrac.xml
at java.base/java.util.ArrayList.forEach(ArrayList.java:1511)
... Removed 28 stack frames]]>
    </failure>
  </testcase> <!-- @BeforeMethod setUp -->
  <testcase classname="grid.Prac" name="@AfterMethod tearDown" time="-1.686214489018E9">
    <skipped/>
  </testcase> <!-- @AfterMethod tearDown -->
  <testcase classname="grid.Prac" name="appleSite" time="0.0">
    <skipped/>
  </testcase> <!-- appleSite -->
</testsuite> <!-- Test -->
